{
  "RSpec": {
    "coverage": {
      "/home/slabounty/RailsTest/graphviz_rails/app/helpers/application_helper.rb": [
        0,
        null
      ],
      "/home/slabounty/RailsTest/graphviz_rails/app/helpers/sessions_helper.rb": [
        0,
        null,
        0,
        0,
        0,
        null,
        null,
        0,
        0,
        null,
        null,
        0,
        0,
        null,
        null,
        0,
        0,
        null,
        null,
        0,
        0,
        null,
        null,
        0,
        0,
        0,
        0,
        null,
        null,
        null,
        0,
        0,
        0,
        null,
        null,
        0,
        0,
        0,
        null,
        null,
        0,
        0,
        null,
        null
      ],
      "/home/slabounty/RailsTest/graphviz_rails/app/helpers/static_pages_helper.rb": [
        0,
        null
      ],
      "/home/slabounty/RailsTest/graphviz_rails/app/helpers/users_helper.rb": [
        0,
        null,
        null,
        0,
        0,
        0,
        0,
        null,
        null
      ],
      "/home/slabounty/RailsTest/graphviz_rails/spec/support/utilities.rb": [
        0,
        0,
        0,
        0,
        null,
        0,
        null,
        null,
        null,
        0,
        0,
        0,
        0,
        0,
        null,
        0,
        null
      ]
    },
    "timestamp": 1379283152
  }
}
