{
  "RSpec": {
    "coverage": {
      "/home/slabounty/RailsTest/graphviz_rails/config/environment.rb": [
        null,
        1,
        null,
        null,
        1
      ],
      "/home/slabounty/RailsTest/graphviz_rails/config/application.rb": [
        1,
        null,
        null,
        1,
        1,
        1,
        1,
        1,
        null,
        null,
        1,
        null,
        1,
        null,
        null,
        null,
        null,
        1,
        1,
        null,
        null,
        null,
        null,
        null,
        null,
        null,
        null,
        null,
        null,
        null,
        null,
        null,
        null,
        null,
        null,
        null,
        null,
        null,
        null,
        null,
        null,
        null,
        1,
        null,
        null,
        1,
        null,
        null,
        1,
        null,
        null,
        null,
        null,
        null,
        null,
        null,
        null,
        null,
        null,
        1,
        null,
        null,
        1,
        null,
        null,
        1,
        null,
        null
      ],
      "/home/slabounty/RailsTest/graphviz_rails/config/boot.rb": [
        1,
        null,
        null,
        1,
        null,
        1
      ],
      "/home/slabounty/RailsTest/graphviz_rails/config/environments/test.rb": [
        1,
        null,
        null,
        null,
        null,
        null,
        null,
        1,
        null,
        null,
        1,
        1,
        null,
        null,
        1,
        null,
        null,
        1,
        1,
        null,
        null,
        1,
        null,
        null,
        1,
        null,
        null,
        null,
        null,
        1,
        null,
        null,
        1,
        null,
        null,
        1,
        null,
        null,
        1,
        1,
        1,
        null,
        null
      ],
      "/home/slabounty/RailsTest/graphviz_rails/config/initializers/backtrace_silencers.rb": [
        null,
        null,
        null,
        null,
        null,
        null,
        null
      ],
      "/home/slabounty/RailsTest/graphviz_rails/config/initializers/inflections.rb": [
        null,
        null,
        null,
        null,
        null,
        null,
        null,
        null,
        null,
        null,
        null,
        null,
        null,
        null,
        null
      ],
      "/home/slabounty/RailsTest/graphviz_rails/config/initializers/mime_types.rb": [
        null,
        null,
        null,
        null,
        null
      ],
      "/home/slabounty/RailsTest/graphviz_rails/config/initializers/secret_token.rb": [
        null,
        null,
        null,
        null,
        null,
        null,
        1
      ],
      "/home/slabounty/RailsTest/graphviz_rails/config/initializers/session_store.rb": [
        null,
        null,
        1,
        null,
        null,
        null,
        null,
        null
      ],
      "/home/slabounty/RailsTest/graphviz_rails/config/initializers/wrap_parameters.rb": [
        null,
        null,
        null,
        null,
        null,
        null,
        1,
        1,
        null,
        null,
        null,
        1,
        1,
        null
      ],
      "/home/slabounty/RailsTest/graphviz_rails/app/controllers/application_controller.rb": [
        1,
        1,
        1,
        null,
        null,
        1,
        0,
        0,
        null,
        null
      ],
      "/home/slabounty/RailsTest/graphviz_rails/app/helpers/application_helper.rb": [
        1,
        null
      ],
      "/home/slabounty/RailsTest/graphviz_rails/app/helpers/sessions_helper.rb": [
        1,
        null,
        1,
        40,
        40,
        null,
        null,
        1,
        165,
        null,
        null,
        1,
        41,
        null,
        null,
        1,
        397,
        null,
        null,
        1,
        25,
        null,
        null,
        1,
        1,
        1,
        null,
        null,
        1,
        31,
        31,
        null,
        null,
        1,
        4,
        null,
        null
      ],
      "/home/slabounty/RailsTest/graphviz_rails/app/helpers/static_pages_helper.rb": [
        1,
        null
      ],
      "/home/slabounty/RailsTest/graphviz_rails/app/helpers/users_helper.rb": [
        1,
        null,
        null,
        1,
        125,
        125,
        125,
        null,
        null
      ],
      "/home/slabounty/RailsTest/graphviz_rails/app/controllers/sessions_controller.rb": [
        1,
        1,
        null,
        null,
        1,
        34,
        34,
        31,
        31,
        null,
        null,
        3,
        3,
        null,
        null,
        null,
        1,
        1,
        1,
        null,
        null
      ],
      "/home/slabounty/RailsTest/graphviz_rails/app/controllers/static_pages_controller.rb": [
        1,
        1,
        null,
        null,
        1,
        null,
        null,
        1,
        null,
        null,
        1,
        null,
        null
      ],
      "/home/slabounty/RailsTest/graphviz_rails/app/controllers/users_controller.rb": [
        1,
        1,
        1,
        1,
        null,
        1,
        12,
        null,
        null,
        1,
        41,
        null,
        null,
        1,
        7,
        null,
        null,
        1,
        5,
        5,
        4,
        4,
        4,
        null,
        1,
        null,
        null,
        null,
        1,
        null,
        null,
        1,
        6,
        5,
        5,
        5,
        null,
        1,
        null,
        null,
        null,
        1,
        1,
        1,
        1,
        null,
        null,
        1,
        null,
        1,
        34,
        4,
        4,
        null,
        null,
        null,
        1,
        18,
        18,
        null,
        null,
        1,
        2,
        null,
        null
      ],
      "/home/slabounty/RailsTest/graphviz_rails/app/models/user.rb": [
        null,
        null,
        null,
        null,
        null,
        null,
        null,
        null,
        null,
        null,
        null,
        1,
        1,
        1,
        null,
        85,
        1,
        null,
        1,
        null,
        1,
        1,
        null,
        1,
        1,
        null,
        1,
        null,
        1,
        84,
        null,
        null,
        null
      ],
      "/home/slabounty/RailsTest/graphviz_rails/spec/factories.rb": [
        1,
        1,
        69,
        67,
        1,
        1,
        null,
        1,
        1,
        null,
        null,
        null
      ],
      "/home/slabounty/RailsTest/graphviz_rails/config/routes.rb": [
        1,
        1,
        1,
        null,
        1,
        null,
        1,
        1,
        1,
        null,
        1,
        1,
        1,
        null,
        null,
        null,
        null,
        null,
        null,
        null,
        null,
        null,
        null,
        null,
        null,
        null,
        null,
        null,
        null,
        null,
        null,
        null,
        null,
        null,
        null,
        null,
        null,
        null,
        null,
        null,
        null,
        null,
        null,
        null,
        null,
        null,
        null,
        null,
        null,
        null,
        null,
        null,
        null,
        null,
        null,
        null,
        null,
        null,
        null,
        null,
        null,
        null,
        null,
        null,
        null,
        null,
        null,
        null,
        null,
        null,
        null
      ],
      "/home/slabounty/RailsTest/graphviz_rails/spec/support/utilities.rb": [
        1,
        6,
        6,
        1,
        null,
        5,
        null,
        null,
        null,
        1,
        30,
        30,
        30,
        30,
        null,
        30,
        null
      ],
      "/home/slabounty/RailsTest/graphviz_rails/spec/requests/authentication_pages_spec.rb": [
        1,
        null,
        1,
        null,
        16,
        null,
        1,
        3,
        null,
        2,
        2,
        null,
        null,
        1,
        11,
        null,
        1,
        4,
        null,
        2,
        2,
        null,
        1,
        2,
        2,
        null,
        null,
        null,
        1,
        8,
        8,
        null,
        2,
        2,
        2,
        2,
        2,
        2,
        null,
        1,
        2,
        2,
        null,
        null,
        null,
        null,
        1,
        null,
        1,
        4,
        null,
        1,
        1,
        1,
        1,
        1,
        1,
        null,
        null,
        1,
        1,
        1,
        null,
        null,
        null,
        null,
        1,
        1,
        2,
        2,
        null,
        null,
        1,
        2,
        2,
        null,
        null,
        1,
        2,
        2,
        null,
        null,
        null,
        null,
        null,
        1,
        3,
        3,
        3,
        null,
        1,
        2,
        2,
        null,
        null,
        1,
        2,
        2,
        null,
        null,
        null,
        1,
        2,
        2,
        null,
        2,
        null,
        1,
        2,
        2,
        null,
        null,
        null,
        null
      ],
      "/home/slabounty/RailsTest/graphviz_rails/spec/requests/static_pages_spec.rb": [
        1,
        null,
        1,
        1,
        null,
        9,
        null,
        1,
        1,
        2,
        null,
        null,
        2,
        2,
        null,
        null,
        1,
        1,
        2,
        null,
        null,
        2,
        2,
        null,
        null,
        1,
        1,
        2,
        null,
        null,
        2,
        2,
        null,
        null,
        1,
        1,
        2,
        null,
        null,
        2,
        2,
        null,
        null
      ],
      "/home/slabounty/RailsTest/graphviz_rails/spec/models/user_spec.rb": [
        null,
        null,
        null,
        null,
        null,
        null,
        null,
        null,
        null,
        null,
        null,
        1,
        null,
        1,
        26,
        null,
        null,
        23,
        null,
        2,
        2,
        2,
        2,
        2,
        2,
        2,
        2,
        null,
        2,
        2,
        null,
        1,
        1,
        1,
        1,
        null,
        null,
        2,
        null,
        null,
        1,
        2,
        2,
        null,
        null,
        1,
        2,
        2,
        null,
        null,
        1,
        2,
        2,
        null,
        null,
        1,
        1,
        1,
        null,
        1,
        5,
        5,
        null,
        null,
        null,
        null,
        1,
        1,
        1,
        1,
        4,
        4,
        null,
        null,
        null,
        null,
        1,
        1,
        1,
        1,
        1,
        null,
        null,
        2,
        null,
        null,
        1,
        2,
        2,
        null,
        null,
        1,
        2,
        2,
        null,
        null,
        1,
        2,
        2,
        null,
        null,
        1,
        2,
        2,
        null,
        null,
        1,
        4,
        4,
        null,
        1,
        2,
        null,
        null,
        1,
        3,
        null,
        2,
        2,
        null,
        null,
        null,
        1,
        2,
        2,
        null,
        null
      ]
    },
    "timestamp": 1378168413
  }
}
